<?xml version="1.0" encoding="UTF-8"?>
<!-- Generated by org.testng.reporters.JUnitXMLReporter -->
<testsuite ignored="38" hostname="DESKTOP-Q5LAQDP" failures="0" tests="1" name="Default test" time="13.717" errors="0" timestamp="2022-07-30T10:38:49 IST">
  <testcase classname="TestCases.HomeTests.SettingsTest" name="verifyEditProfileButtonTest" time="1.042"/>
  <testcase classname="TestCases.HomeTests.SettingsTest" name="verifyEmailSignatureBoxEditAndSaveTest" time="0.0">
    <ignored/>
  </testcase> <!-- verifyEmailSignatureBoxEditAndSaveTest -->
  <testcase classname="TestCases.HomeTests.SettingsTest" name="verifyInviteTabTest" time="0.0">
    <ignored/>
  </testcase> <!-- verifyInviteTabTest -->
  <testcase classname="TestCases.HomeTests.SettingsTest" name="verifyCompanyCountryDropdownTest" time="0.0">
    <ignored/>
  </testcase> <!-- verifyCompanyCountryDropdownTest -->
  <testcase classname="TestCases.HomeTests.SettingsTest" name="verifyCompanyDomainTest" time="0.0">
    <ignored/>
  </testcase> <!-- verifyCompanyDomainTest -->
  <testcase classname="TestCases.HomeTests.SettingsTest" name="verifyNewTeamMemberPopupCloseButtonTest" time="0.0">
    <ignored/>
  </testcase> <!-- verifyNewTeamMemberPopupCloseButtonTest -->
  <testcase classname="TestCases.HomeTests.SettingsTest" name="verifySendInviteToFieldTest" time="0.0">
    <ignored/>
  </testcase> <!-- verifySendInviteToFieldTest -->
  <testcase classname="TestCases.HomeTests.SettingsTest" name="verifyEmailFieldOnEditProfileTest" time="0.0">
    <ignored/>
  </testcase> <!-- verifyEmailFieldOnEditProfileTest -->
  <testcase classname="TestCases.HomeTests.SettingsTest" name="verifyCreateTabTest" time="0.0">
    <ignored/>
  </testcase> <!-- verifyCreateTabTest -->
  <testcase classname="TestCases.HomeTests.SettingsTest" name="verifyCompanyPhoneNumberFieldTest" time="0.0">
    <ignored/>
  </testcase> <!-- verifyCompanyPhoneNumberFieldTest -->
  <testcase classname="TestCases.HomeTests.SettingsTest" name="verifycompanyAddButtonTest" time="0.0">
    <ignored/>
  </testcase> <!-- verifycompanyAddButtonTest -->
  <testcase classname="TestCases.HomeTests.SettingsTest" name="verifyFirstNameFieldOnEditProfileTest" time="0.0">
    <ignored/>
  </testcase> <!-- verifyFirstNameFieldOnEditProfileTest -->
  <testcase classname="TestCases.HomeTests.SettingsTest" name="verifyMyAccountTabTest" time="0.0">
    <ignored/>
  </testcase> <!-- verifyMyAccountTabTest -->
  <testcase classname="TestCases.HomeTests.SettingsTest" name="verifySaveButtonOnEditProfileTest" time="0.0">
    <ignored/>
  </testcase> <!-- verifySaveButtonOnEditProfileTest -->
  <testcase classname="TestCases.HomeTests.SettingsTest" name="verifyAddCompanyPopupCancelButtonTest" time="0.0">
    <ignored/>
  </testcase> <!-- verifyAddCompanyPopupCancelButtonTest -->
  <testcase classname="TestCases.HomeTests.SettingsTest" name="verifyContactNumberFieldOnEditProfileTest" time="0.0">
    <ignored/>
  </testcase> <!-- verifyContactNumberFieldOnEditProfileTest -->
  <testcase classname="TestCases.HomeTests.SettingsTest" name="verifyPendingInvitesTabTest" time="0.0">
    <ignored/>
  </testcase> <!-- verifyPendingInvitesTabTest -->
  <testcase classname="TestCases.HomeTests.SettingsTest" name="verifyCompanySettingsTabTest" time="0.0">
    <ignored/>
  </testcase> <!-- verifyCompanySettingsTabTest -->
  <testcase classname="TestCases.HomeTests.SettingsTest" name="verifyCompanyCityFieldTest" time="0.0">
    <ignored/>
  </testcase> <!-- verifyCompanyCityFieldTest -->
  <testcase classname="TestCases.HomeTests.SettingsTest" name="verifyEditCompanyDetailsTest" time="0.0">
    <ignored/>
  </testcase> <!-- verifyEditCompanyDetailsTest -->
  <testcase classname="TestCases.HomeTests.SettingsTest" name="verifyCreateEmailTest" time="0.0">
    <ignored/>
  </testcase> <!-- verifyCreateEmailTest -->
  <testcase classname="TestCases.HomeTests.SettingsTest" name="verifyLastNameFieldOnEditProfileTest" time="0.0">
    <ignored/>
  </testcase> <!-- verifyLastNameFieldOnEditProfileTest -->
  <testcase classname="TestCases.HomeTests.SettingsTest" name="verifyCreatePhoneNumberTest" time="0.0">
    <ignored/>
  </testcase> <!-- verifyCreatePhoneNumberTest -->
  <testcase classname="TestCases.HomeTests.SettingsTest" name="verifyNewTeamMemberPopupCancelButtonTest" time="0.0">
    <ignored/>
  </testcase> <!-- verifyNewTeamMemberPopupCancelButtonTest -->
  <testcase classname="TestCases.HomeTests.SettingsTest" name="verifyAllTeamMembersTabTest" time="0.0">
    <ignored/>
  </testcase> <!-- verifyAllTeamMembersTabTest -->
  <testcase classname="TestCases.HomeTests.SettingsTest" name="verifyCompanyStateDropdownTest" time="0.0">
    <ignored/>
  </testcase> <!-- verifyCompanyStateDropdownTest -->
  <testcase classname="TestCases.HomeTests.SettingsTest" name="verifyCompanyNameFieldTest" time="0.0">
    <ignored/>
  </testcase> <!-- verifyCompanyNameFieldTest -->
  <testcase classname="TestCases.HomeTests.SettingsTest" name="verifySkillsOnEditProfileTest" time="0.0">
    <ignored/>
  </testcase> <!-- verifySkillsOnEditProfileTest -->
  <testcase classname="TestCases.HomeTests.SettingsTest" name="verifyCompanyZipCodeFieldTest" time="0.0">
    <ignored/>
  </testcase> <!-- verifyCompanyZipCodeFieldTest -->
  <testcase classname="TestCases.HomeTests.SettingsTest" name="verifySendEmailTabTest" time="0.0">
    <ignored/>
  </testcase> <!-- verifySendEmailTabTest -->
  <testcase classname="TestCases.HomeTests.SettingsTest" name="verifyLastNameTest" time="0.0">
    <ignored/>
  </testcase> <!-- verifyLastNameTest -->
  <testcase classname="TestCases.HomeTests.SettingsTest" name="verifyProfilePhotoFieldOnEditProfileTest" time="0.0">
    <ignored/>
  </testcase> <!-- verifyProfilePhotoFieldOnEditProfileTest -->
  <testcase classname="TestCases.HomeTests.SettingsTest" name="verifyCompanyDescriptionFieldTest" time="0.0">
    <ignored/>
  </testcase> <!-- verifyCompanyDescriptionFieldTest -->
  <testcase classname="TestCases.HomeTests.SettingsTest" name="verifyCreateRoleTest" time="0.0">
    <ignored/>
  </testcase> <!-- verifyCreateRoleTest -->
  <testcase classname="TestCases.HomeTests.SettingsTest" name="verifyFirstNameTest" time="0.0">
    <ignored/>
  </testcase> <!-- verifyFirstNameTest -->
  <testcase classname="TestCases.HomeTests.SettingsTest" name="verifyCompanyTabTest" time="0.0">
    <ignored/>
  </testcase> <!-- verifyCompanyTabTest -->
  <testcase classname="TestCases.HomeTests.SettingsTest" name="verifyProfileTabTest" time="0.0">
    <ignored/>
  </testcase> <!-- verifyProfileTabTest -->
  <testcase classname="TestCases.HomeTests.SettingsTest" name="verifyEmailSignatureBoxTest" time="0.0">
    <ignored/>
  </testcase> <!-- verifyEmailSignatureBoxTest -->
  <testcase classname="TestCases.HomeTests.SettingsTest" name="verifyTeamMembersTabTest" time="0.0">
    <ignored/>
  </testcase> <!-- verifyTeamMembersTabTest -->
</testsuite> <!-- Default test -->
