<?xml version="1.0" encoding="UTF-8"?>
<testng-results ignored="38" total="39" passed="1" failed="0" skipped="0">
  <reporter-output>
  </reporter-output>
  <suite started-at="2022-07-30T10:38:36 IST" name="Default suite" finished-at="2022-07-30T10:38:49 IST" duration-ms="13717">
    <groups>
      <group name="settings">
        <method signature="SettingsTest.verifyEditProfileButtonTest()[pri:3, instance:TestCases.HomeTests.SettingsTest@7e7be63f]" name="verifyEditProfileButtonTest" class="TestCases.HomeTests.SettingsTest"/>
      </group> <!-- settings -->
    </groups>
    <test started-at="2022-07-30T10:38:36 IST" name="Default test" finished-at="2022-07-30T10:38:49 IST" duration-ms="13717">
      <class name="TestCases.HomeTests.SettingsTest">
        <test-method is-config="true" signature="setUp()[pri:0, instance:TestCases.HomeTests.SettingsTest@7e7be63f]" started-at="2022-07-30T10:38:36 IST" name="setUp" finished-at="2022-07-30T10:38:37 IST" duration-ms="1736" status="PASS">
          <reporter-output>
          </reporter-output>
        </test-method> <!-- setUp -->
        <test-method is-config="true" signature="openPage()[pri:0, instance:TestCases.HomeTests.SettingsTest@7e7be63f]" started-at="2022-07-30T10:38:37 IST" name="openPage" finished-at="2022-07-30T10:38:44 IST" duration-ms="6646" status="PASS">
          <reporter-output>
          </reporter-output>
        </test-method> <!-- openPage -->
        <test-method signature="verifyEditProfileButtonTest()[pri:3, instance:TestCases.HomeTests.SettingsTest@7e7be63f]" started-at="2022-07-30T10:38:44 IST" name="verifyEditProfileButtonTest" finished-at="2022-07-30T10:38:45 IST" duration-ms="1042" status="PASS">
          <reporter-output>
          </reporter-output>
        </test-method> <!-- verifyEditProfileButtonTest -->
        <test-method is-config="true" signature="tearDown()[pri:0, instance:TestCases.HomeTests.SettingsTest@7e7be63f]" started-at="2022-07-30T10:38:45 IST" name="tearDown" finished-at="2022-07-30T10:38:49 IST" duration-ms="4241" status="PASS">
          <reporter-output>
          </reporter-output>
        </test-method> <!-- tearDown -->
      </class> <!-- TestCases.HomeTests.SettingsTest -->
    </test> <!-- Default test -->
  </suite> <!-- Default suite -->
</testng-results>
